0 info it worked if it ends with ok
1 verbose cli [ '/usr/bin/node', '/usr/bin/npm', 'install', 'serveless', '-g' ]
2 info using npm@3.5.2
3 info using node@v8.10.0
4 silly loadCurrentTree Starting
5 silly install loadCurrentTree
6 silly install readGlobalPackageData
7 silly fetchPackageMetaData serveless
8 silly fetchNamedPackageData serveless
9 silly mapToRegistry name serveless
10 silly mapToRegistry using default registry
11 silly mapToRegistry registry https://registry.npmjs.org/
12 silly mapToRegistry uri https://registry.npmjs.org/serveless
13 verbose request uri https://registry.npmjs.org/serveless
14 verbose request no auth needed
15 info attempt registry request try #1 at 18:39:47
16 verbose request id 47a6302e033c6b05
17 http request GET https://registry.npmjs.org/serveless
18 http 200 https://registry.npmjs.org/serveless
19 verbose headers { date: 'Wed, 21 Aug 2019 21:39:48 GMT',
19 verbose headers   'content-type': 'application/json; charset=UTF-8',
19 verbose headers   'transfer-encoding': 'chunked',
19 verbose headers   connection: 'keep-alive',
19 verbose headers   'set-cookie':
19 verbose headers    [ '__cfduid=ddd3c7535a1d083109a931a50c3931e691566423587; expires=Thu, 20-Aug-20 21:39:47 GMT; path=/; domain=.npmjs.org; HttpOnly' ],
19 verbose headers   'cf-cache-status': 'REVALIDATED',
19 verbose headers   'cache-control': 'max-age=300',
19 verbose headers   'cf-ray': '509fc2feb8a64c82-GRU',
19 verbose headers   etag: 'W/"bff7026e34ef74cd31a5609cbf8437c3"',
19 verbose headers   'expect-ct': 'max-age=604800, report-uri="https://report-uri.cloudflare.com/cdn-cgi/beacon/expect-ct"',
19 verbose headers   'last-modified': 'Sun, 27 May 2018 17:01:47 GMT',
19 verbose headers   vary: 'accept-encoding, accept',
19 verbose headers   server: 'cloudflare',
19 verbose headers   'content-encoding': 'gzip' }
20 silly get cb [ 200,
20 silly get   { date: 'Wed, 21 Aug 2019 21:39:48 GMT',
20 silly get     'content-type': 'application/json; charset=UTF-8',
20 silly get     'transfer-encoding': 'chunked',
20 silly get     connection: 'keep-alive',
20 silly get     'set-cookie':
20 silly get      [ '__cfduid=ddd3c7535a1d083109a931a50c3931e691566423587; expires=Thu, 20-Aug-20 21:39:47 GMT; path=/; domain=.npmjs.org; HttpOnly' ],
20 silly get     'cf-cache-status': 'REVALIDATED',
20 silly get     'cache-control': 'max-age=300',
20 silly get     'cf-ray': '509fc2feb8a64c82-GRU',
20 silly get     etag: 'W/"bff7026e34ef74cd31a5609cbf8437c3"',
20 silly get     'expect-ct': 'max-age=604800, report-uri="https://report-uri.cloudflare.com/cdn-cgi/beacon/expect-ct"',
20 silly get     'last-modified': 'Sun, 27 May 2018 17:01:47 GMT',
20 silly get     vary: 'accept-encoding, accept',
20 silly get     server: 'cloudflare',
20 silly get     'content-encoding': 'gzip' } ]
21 verbose get saving serveless to /home/bruno/.npm/registry.npmjs.org/serveless/.cache.json
22 silly install normalizeTree
23 silly loadCurrentTree Finishing
24 silly loadIdealTree Starting
25 silly install loadIdealTree
26 silly cloneCurrentTree Starting
27 silly install cloneCurrentTreeToIdealTree
28 silly cloneCurrentTree Finishing
29 silly loadShrinkwrap Starting
30 silly install loadShrinkwrap
31 silly loadShrinkwrap Finishing
32 silly loadAllDepsIntoIdealTree Starting
33 silly install loadAllDepsIntoIdealTree
34 silly resolveWithNewModule serveless@0.0.2 checking installable status
35 silly cache add args [ 'serveless', null ]
36 verbose cache add spec serveless
37 silly cache add parsed spec Result {
37 silly cache add   raw: 'serveless',
37 silly cache add   scope: null,
37 silly cache add   name: 'serveless',
37 silly cache add   rawSpec: '',
37 silly cache add   spec: 'latest',
37 silly cache add   type: 'tag' }
38 silly addNamed serveless@latest
39 verbose addNamed "latest" is being treated as a dist-tag for serveless
40 info addNameTag [ 'serveless', 'latest' ]
41 silly mapToRegistry name serveless
42 silly mapToRegistry using default registry
43 silly mapToRegistry registry https://registry.npmjs.org/
44 silly mapToRegistry uri https://registry.npmjs.org/serveless
45 verbose addNameTag registry:https://registry.npmjs.org/serveless not in flight; fetching
46 verbose get https://registry.npmjs.org/serveless not expired, no request
47 silly addNameTag next cb for serveless with tag latest
48 silly addNamed serveless@0.0.2
49 verbose addNamed "0.0.2" is a plain semver version for serveless
50 silly mapToRegistry name serveless
51 silly mapToRegistry using default registry
52 silly mapToRegistry registry https://registry.npmjs.org/
53 silly mapToRegistry uri https://registry.npmjs.org/serveless
54 verbose addRemoteTarball https://registry.npmjs.org/serveless/-/serveless-0.0.2.tgz not in flight; adding
55 verbose addRemoteTarball [ 'https://registry.npmjs.org/serveless/-/serveless-0.0.2.tgz',
55 verbose addRemoteTarball   'dcd7996f2f424e516eab7e9bda8e59c95587004a' ]
56 info retry fetch attempt 1 at 18:39:48
57 info attempt registry request try #1 at 18:39:48
58 http fetch GET https://registry.npmjs.org/serveless/-/serveless-0.0.2.tgz
59 http fetch 200 https://registry.npmjs.org/serveless/-/serveless-0.0.2.tgz
60 silly fetchAndShaCheck shasum dcd7996f2f424e516eab7e9bda8e59c95587004a
61 verbose addTmpTarball /tmp/npm-30569-adc44ea8/registry.npmjs.org/serveless/-/serveless-0.0.2.tgz not in flight; adding
62 verbose addTmpTarball already have metadata; skipping unpack for serveless@0.0.2
63 silly cache afterAdd serveless@0.0.2
64 verbose afterAdd /home/bruno/.npm/serveless/0.0.2/package/package.json not in flight; writing
65 verbose afterAdd /home/bruno/.npm/serveless/0.0.2/package/package.json written
66 silly fetchNamedPackageData lodash
67 silly mapToRegistry name lodash
68 silly mapToRegistry using default registry
69 silly mapToRegistry registry https://registry.npmjs.org/
70 silly mapToRegistry uri https://registry.npmjs.org/lodash
71 verbose request uri https://registry.npmjs.org/lodash
72 verbose request no auth needed
73 info attempt registry request try #1 at 18:39:48
74 verbose etag W/"6c46b20b79c0e321a253cefd2ec439f0"
75 verbose lastModified Sat, 17 Aug 2019 15:27:37 GMT
76 http request GET https://registry.npmjs.org/lodash
77 http 304 https://registry.npmjs.org/lodash
78 verbose headers { date: 'Wed, 21 Aug 2019 21:39:48 GMT',
78 verbose headers   connection: 'keep-alive',
78 verbose headers   'set-cookie':
78 verbose headers    [ '__cfduid=d15322de79d1086befae85180b2088b1d1566423588; expires=Thu, 20-Aug-20 21:39:48 GMT; path=/; domain=.npmjs.org; HttpOnly' ],
78 verbose headers   'cf-cache-status': 'HIT',
78 verbose headers   'cache-control': 'max-age=300',
78 verbose headers   'cf-ray': '509fc304bd274c82-GRU',
78 verbose headers   age: '5899',
78 verbose headers   etag: '"6c46b20b79c0e321a253cefd2ec439f0"',
78 verbose headers   'expect-ct': 'max-age=604800, report-uri="https://report-uri.cloudflare.com/cdn-cgi/beacon/expect-ct"',
78 verbose headers   'last-modified': 'Sat, 17 Aug 2019 15:27:37 GMT',
78 verbose headers   vary: 'accept-encoding, accept',
78 verbose headers   'x-amz-meta-rev': '2482-984ce15920192139a516838c93c9bafe',
78 verbose headers   server: 'cloudflare' }
79 silly get cb [ 304,
79 silly get   { date: 'Wed, 21 Aug 2019 21:39:48 GMT',
79 silly get     connection: 'keep-alive',
79 silly get     'set-cookie':
79 silly get      [ '__cfduid=d15322de79d1086befae85180b2088b1d1566423588; expires=Thu, 20-Aug-20 21:39:48 GMT; path=/; domain=.npmjs.org; HttpOnly' ],
79 silly get     'cf-cache-status': 'HIT',
79 silly get     'cache-control': 'max-age=300',
79 silly get     'cf-ray': '509fc304bd274c82-GRU',
79 silly get     age: '5899',
79 silly get     etag: '"6c46b20b79c0e321a253cefd2ec439f0"',
79 silly get     'expect-ct': 'max-age=604800, report-uri="https://report-uri.cloudflare.com/cdn-cgi/beacon/expect-ct"',
79 silly get     'last-modified': 'Sat, 17 Aug 2019 15:27:37 GMT',
79 silly get     vary: 'accept-encoding, accept',
79 silly get     'x-amz-meta-rev': '2482-984ce15920192139a516838c93c9bafe',
79 silly get     server: 'cloudflare' } ]
80 verbose etag https://registry.npmjs.org/lodash from cache
81 verbose get saving lodash to /home/bruno/.npm/registry.npmjs.org/lodash/.cache.json
82 silly resolveWithNewModule lodash@2.4.2 checking installable status
83 silly cache add args [ 'lodash@^2.4.0', null ]
84 verbose cache add spec lodash@^2.4.0
85 silly cache add parsed spec Result {
85 silly cache add   raw: 'lodash@^2.4.0',
85 silly cache add   scope: null,
85 silly cache add   name: 'lodash',
85 silly cache add   rawSpec: '^2.4.0',
85 silly cache add   spec: '>=2.4.0 <3.0.0',
85 silly cache add   type: 'range' }
86 silly addNamed lodash@>=2.4.0 <3.0.0
87 verbose addNamed ">=2.4.0 <3.0.0" is a valid semver range for lodash
88 silly addNameRange { name: 'lodash', range: '>=2.4.0 <3.0.0', hasData: false }
89 silly mapToRegistry name lodash
90 silly mapToRegistry using default registry
91 silly mapToRegistry registry https://registry.npmjs.org/
92 silly mapToRegistry uri https://registry.npmjs.org/lodash
93 verbose addNameRange registry:https://registry.npmjs.org/lodash not in flight; fetching
94 verbose get https://registry.npmjs.org/lodash not expired, no request
95 silly addNameRange number 2 { name: 'lodash', range: '>=2.4.0 <3.0.0', hasData: true }
96 silly addNameRange versions [ 'lodash',
96 silly addNameRange   [ '0.1.0',
96 silly addNameRange     '0.2.0',
96 silly addNameRange     '0.2.1',
96 silly addNameRange     '0.2.2',
96 silly addNameRange     '0.3.0',
96 silly addNameRange     '0.3.1',
96 silly addNameRange     '0.3.2',
96 silly addNameRange     '0.4.0',
96 silly addNameRange     '0.4.1',
96 silly addNameRange     '0.4.2',
96 silly addNameRange     '0.5.0-rc.1',
96 silly addNameRange     '0.5.0',
96 silly addNameRange     '0.5.1',
96 silly addNameRange     '0.5.2',
96 silly addNameRange     '0.6.0',
96 silly addNameRange     '0.6.1',
96 silly addNameRange     '0.7.0',
96 silly addNameRange     '0.8.0',
96 silly addNameRange     '0.8.1',
96 silly addNameRange     '0.8.2',
96 silly addNameRange     '0.9.0',
96 silly addNameRange     '0.9.1',
96 silly addNameRange     '0.9.2',
96 silly addNameRange     '0.10.0',
96 silly addNameRange     '1.0.0-rc.1',
96 silly addNameRange     '1.0.0-rc.2',
96 silly addNameRange     '1.0.0-rc.3',
96 silly addNameRange     '1.0.0',
96 silly addNameRange     '1.0.1',
96 silly addNameRange     '1.1.0',
96 silly addNameRange     '1.1.1',
96 silly addNameRange     '1.2.0',
96 silly addNameRange     '1.2.1',
96 silly addNameRange     '1.3.0',
96 silly addNameRange     '1.3.1',
96 silly addNameRange     '2.0.0',
96 silly addNameRange     '2.1.0',
96 silly addNameRange     '2.2.0',
96 silly addNameRange     '2.2.1',
96 silly addNameRange     '2.3.0',
96 silly addNameRange     '2.4.0',
96 silly addNameRange     '2.4.1',
96 silly addNameRange     '3.0.0',
96 silly addNameRange     '3.0.1',
96 silly addNameRange     '3.1.0',
96 silly addNameRange     '3.2.0',
96 silly addNameRange     '3.3.0',
96 silly addNameRange     '3.3.1',
96 silly addNameRange     '3.4.0',
96 silly addNameRange     '3.5.0',
96 silly addNameRange     '3.6.0',
96 silly addNameRange     '1.0.2',
96 silly addNameRange     '3.7.0',
96 silly addNameRange     '2.4.2',
96 silly addNameRange     '3.8.0',
96 silly addNameRange     '3.9.0',
96 silly addNameRange     '3.9.1',
96 silly addNameRange     '3.9.2',
96 silly addNameRange     '3.9.3',
96 silly addNameRange     '3.10.0',
96 silly addNameRange     '3.10.1',
96 silly addNameRange     '4.0.0',
96 silly addNameRange     '4.0.1',
96 silly addNameRange     '4.1.0',
96 silly addNameRange     '4.2.0',
96 silly addNameRange     '4.2.1',
96 silly addNameRange     '4.3.0',
96 silly addNameRange     '4.4.0',
96 silly addNameRange     '4.5.0',
96 silly addNameRange     '4.5.1',
96 silly addNameRange     '4.6.0',
96 silly addNameRange     '4.6.1',
96 silly addNameRange     '4.7.0',
96 silly addNameRange     '4.8.0',
96 silly addNameRange     '4.8.1',
96 silly addNameRange     '4.8.2',
96 silly addNameRange     '4.9.0',
96 silly addNameRange     '4.10.0',
96 silly addNameRange     '4.11.0',
96 silly addNameRange     '4.11.1',
96 silly addNameRange     '4.11.2',
96 silly addNameRange     '4.12.0',
96 silly addNameRange     '4.13.0',
96 silly addNameRange     '4.13.1',
96 silly addNameRange     '4.14.0',
96 silly addNameRange     '4.14.1',
96 silly addNameRange     '4.14.2',
96 silly addNameRange     '4.15.0',
96 silly addNameRange     '4.16.0',
96 silly addNameRange     '4.16.1',
96 silly addNameRange     '4.16.2',
96 silly addNameRange     '4.16.3',
96 silly addNameRange     '4.16.4',
96 silly addNameRange     '4.16.5',
96 silly addNameRange     '4.16.6',
96 silly addNameRange     '4.17.0',
96 silly addNameRange     '4.17.1',
96 silly addNameRange     '4.17.2',
96 silly addNameRange     '4.17.3',
96 silly addNameRange     '4.17.4',
96 silly addNameRange     ... 8 more items ] ]
97 silly addNamed lodash@2.4.2
98 verbose addNamed "2.4.2" is a plain semver version for lodash
99 silly mapToRegistry name lodash
100 silly mapToRegistry using default registry
101 silly mapToRegistry registry https://registry.npmjs.org/
102 silly mapToRegistry uri https://registry.npmjs.org/lodash
103 verbose addRemoteTarball https://registry.npmjs.org/lodash/-/lodash-2.4.2.tgz not in flight; adding
104 verbose addRemoteTarball [ 'https://registry.npmjs.org/lodash/-/lodash-2.4.2.tgz',
104 verbose addRemoteTarball   'fadd834b9683073da179b3eae6d9c0d15053f73e' ]
105 info retry fetch attempt 1 at 18:39:48
106 info attempt registry request try #1 at 18:39:48
107 http fetch GET https://registry.npmjs.org/lodash/-/lodash-2.4.2.tgz
108 http fetch 200 https://registry.npmjs.org/lodash/-/lodash-2.4.2.tgz
109 silly fetchAndShaCheck shasum fadd834b9683073da179b3eae6d9c0d15053f73e
110 verbose addTmpTarball /tmp/npm-30569-adc44ea8/registry.npmjs.org/lodash/-/lodash-2.4.2.tgz not in flight; adding
111 verbose addTmpTarball already have metadata; skipping unpack for lodash@2.4.2
112 silly cache afterAdd lodash@2.4.2
113 verbose afterAdd /home/bruno/.npm/lodash/2.4.2/package/package.json not in flight; writing
114 verbose afterAdd /home/bruno/.npm/lodash/2.4.2/package/package.json written
115 silly loadAllDepsIntoIdealTree Finishing
116 silly idealTree:prePrune lib
116 silly idealTree:prePrune └─┬ serveless@0.0.2
116 silly idealTree:prePrune   └── lodash@2.4.2
117 silly loadIdealTree Finishing
118 silly currentTree lib
119 silly idealTree lib
119 silly idealTree └─┬ serveless@0.0.2
119 silly idealTree   └── lodash@2.4.2
120 silly generateActionsToTake Starting
121 silly install generateActionsToTake
122 warn checkPermissions Missing write access to /usr/local/lib/node_modules
123 silly rollbackFailedOptional Starting
124 silly rollbackFailedOptional Finishing
125 silly runTopLevelLifecycles Starting
126 silly runTopLevelLifecycles Finishing
127 silly install printInstalled
128 verbose stack Error: EACCES: permission denied, access '/usr/local/lib/node_modules'
129 verbose cwd /home/bruno/projects/graphql
130 error Linux 4.15.0-20-generic
131 error argv "/usr/bin/node" "/usr/bin/npm" "install" "serveless" "-g"
132 error node v8.10.0
133 error npm  v3.5.2
134 error path /usr/local/lib/node_modules
135 error code EACCES
136 error errno -13
137 error syscall access
138 error Error: EACCES: permission denied, access '/usr/local/lib/node_modules'
138 error  { Error: EACCES: permission denied, access '/usr/local/lib/node_modules'
138 error   errno: -13,
138 error   code: 'EACCES',
138 error   syscall: 'access',
138 error   path: '/usr/local/lib/node_modules' }
139 error Please try running this command again as root/Administrator.
140 verbose exit [ -13, true ]
